<?xml version="1.0" encoding="UTF-8"?>
<!-- Generated by org.testng.reporters.JUnitXMLReporter -->
<testsuite ignored="0" hostname="MS" failures="0" tests="3" name="edgeTest" time="5.697" errors="0" timestamp="2024-04-19T17:55:21 IST">
  <testcase classname="testCases.TC_001_Login" name="verifyAccount" time="0.576"/>
  <testcase classname="testCases.TC_001_Login" name="verifyTitle" time="0.003"/>
  <testcase classname="testCases.TC_001_Login" name="verifyProducttitle" time="0.002"/>
</testsuite> <!-- edgeTest -->
