<?xml version="1.0" encoding="UTF-8"?>
<!-- Generated by org.testng.reporters.JUnitXMLReporter -->
<testsuite ignored="0" hostname="MS" failures="3" tests="3" name="MyTestNG" time="35.956" errors="0" timestamp="2024-04-20T16:02:10 IST">
  <testcase classname="testCases.TC_003_Login_DDT" name="verify_loginDDT" time="10.797">
    <failure type="java.lang.AssertionError" message="null">
      <![CDATA[java.lang.AssertionError: null
at testCases.TC_003_Login_DDT.verify_loginDDT(TC_003_Login_DDT.java:66)
at java.base/java.util.ArrayList.forEach(ArrayList.java:1596)
... Removed 27 stack frames]]>
    </failure>
  </testcase> <!-- verify_loginDDT -->
  <testcase classname="testCases.TC_003_Login_DDT" name="verify_loginDDT" time="10.538">
    <failure type="java.lang.AssertionError" message="null">
      <![CDATA[java.lang.AssertionError: null
at testCases.TC_003_Login_DDT.verify_loginDDT(TC_003_Login_DDT.java:66)
at java.base/java.util.ArrayList.forEach(ArrayList.java:1596)
... Removed 27 stack frames]]>
    </failure>
  </testcase> <!-- verify_loginDDT -->
  <testcase classname="testCases.TC_003_Login_DDT" name="verify_loginDDT" time="10.279">
    <failure type="java.lang.AssertionError" message="null">
      <![CDATA[java.lang.AssertionError: null
at testCases.TC_003_Login_DDT.verify_loginDDT(TC_003_Login_DDT.java:66)
at java.base/java.util.ArrayList.forEach(ArrayList.java:1596)
... Removed 27 stack frames]]>
    </failure>
  </testcase> <!-- verify_loginDDT -->
</testsuite> <!-- MyTestNG -->
