<?xml version="1.0" encoding="UTF-8"?>
<testng-results ignored="0" total="1" passed="1" failed="0" skipped="0">
  <reporter-output>
  </reporter-output>
  <suite started-at="2024-04-29T20:21:39 IST" name="Default suite" finished-at="2024-04-29T20:21:45 IST" duration-ms="5093">
    <groups>
    </groups>
    <test started-at="2024-04-29T20:21:39 IST" name="Default test" finished-at="2024-04-29T20:21:45 IST" duration-ms="5093">
      <class name="testCases.TC_018_Headless_Browser_Testing">
        <test-method is-config="true" signature="setUp()[pri:0, instance:testCases.TC_018_Headless_Browser_Testing@3eb25e1a]" started-at="2024-04-29T20:21:40 IST" name="setUp" finished-at="2024-04-29T20:21:42 IST" duration-ms="2053" status="PASS">
          <reporter-output>
          </reporter-output>
        </test-method> <!-- setUp -->
        <test-method signature="verifyTitle()[pri:1, instance:testCases.TC_018_Headless_Browser_Testing@3eb25e1a]" started-at="2024-04-29T20:21:42 IST" name="verifyTitle" finished-at="2024-04-29T20:21:45 IST" duration-ms="2948" status="PASS">
          <reporter-output>
          </reporter-output>
        </test-method> <!-- verifyTitle -->
      </class> <!-- testCases.TC_018_Headless_Browser_Testing -->
    </test> <!-- Default test -->
  </suite> <!-- Default suite -->
</testng-results>
